<?xml version="1.0" encoding="UTF-8"?>
<testsuite name="hw9.FileParseTest" tests="1" skipped="0" failures="0" errors="0" timestamp="2022-08-26T15:25:10" hostname="HARDWORK" time="0.32">
  <properties/>
  <testcase name="Домашняя работа 2. xlsxZip" classname="hw9.FileParseTest" time="0.32"/>
  <system-out><![CDATA[]]></system-out>
  <system-err><![CDATA[]]></system-err>
</testsuite>
